17:11:42.987 [restartedMain] DEBUG org.hibernate.SQL - 
    select
        count(*) 
    from
        coffee_bean cb1_0
17:11:42.998 [restartedMain] TRACE org.hibernate.orm.jdbc.extract - extracted value (1:BIGINT) -> [5]
17:11:43.018 [restartedMain] DEBUG org.hibernate.SQL - 
    select
        su1_0.id,
        su1_0.address,
        su1_0.create_date,
        su1_0.email,
        su1_0.modify_date,
        su1_0.post_code 
    from
        site_user su1_0 
    where
        su1_0.email=?
17:11:43.018 [restartedMain] TRACE org.hibernate.orm.jdbc.bind - binding parameter (1:VARCHAR) <- [user1@naver.com]
17:11:43.025 [restartedMain] TRACE org.hibernate.orm.jdbc.extract - extracted value (1:BIGINT) -> [1]
17:11:43.031 [restartedMain] TRACE org.hibernate.orm.jdbc.extract - extracted value (2:VARCHAR) -> [null]
17:11:43.032 [restartedMain] TRACE org.hibernate.orm.jdbc.extract - extracted value (3:TIMESTAMP) -> [2025-01-20T12:54:30.627091]
17:11:43.032 [restartedMain] TRACE org.hibernate.orm.jdbc.extract - extracted value (4:VARCHAR) -> [user1@naver.com]
17:11:43.032 [restartedMain] TRACE org.hibernate.orm.jdbc.extract - extracted value (5:TIMESTAMP) -> [2025-01-20T12:54:30.627091]
17:11:43.032 [restartedMain] TRACE org.hibernate.orm.jdbc.extract - extracted value (6:VARCHAR) -> [null]
17:11:43.044 [restartedMain] DEBUG org.hibernate.SQL - 
    select
        count(*) 
    from
        menu_order mo1_0
17:11:43.046 [restartedMain] TRACE org.hibernate.orm.jdbc.extract - extracted value (1:BIGINT) -> [1]
17:11:56.590 [http-nio-8080-exec-1] DEBUG org.hibernate.SQL - 
    select
        cb1_0.id 
    from
        coffee_bean cb1_0 
    where
        cb1_0.name=? 
    limit
        ?
17:11:56.591 [http-nio-8080-exec-1] TRACE org.hibernate.orm.jdbc.bind - binding parameter (1:VARCHAR) <- [coffeeBean123]
17:11:56.592 [http-nio-8080-exec-1] TRACE org.hibernate.orm.jdbc.bind - binding parameter (2:INTEGER) <- [1]
17:11:56.594 [http-nio-8080-exec-1] TRACE org.hibernate.orm.jdbc.extract - extracted value (1:BIGINT) -> [5]
